build/outputs/logs/manifest-merger-debug-report.txt
-- Merging decision tree log ---
manifest
ADDED from flexicar_lupe\Sensores 2.0\AndroidManifest.xml:2:1-35:12
	package
		ADDED from flexicar_lupe\Sensores 2.0\AndroidManifest.xml:3:5-35
	android:versionName
		ADDED from flexicar_lupe\Sensores 2.0\AndroidManifest.xml:5:5-30
		INJECTED from flexicar_lupe\Sensores 2.0\AndroidManifest.xml
		INJECTED from flexicar_lupe\Sensores 2.0\AndroidManifest.xml
	android:versionCode
		ADDED from flexicar_lupe\Sensores 2.0\AndroidManifest.xml:4:5-28
		INJECTED from flexicar_lupe\Sensores 2.0\AndroidManifest.xml
		INJECTED from flexicar_lupe\Sensores 2.0\AndroidManifest.xml
	xmlns:android
		ADDED from flexicar_lupe\Sensores 2.0\AndroidManifest.xml:2:11-69
uses-sdk
ADDED from flexicar_lupe\Sensores 2.0\AndroidManifest.xml:7:5-9:41
	android:targetSdkVersion
		ADDED from flexicar_lupe\Sensores 2.0\AndroidManifest.xml:9:9-38
	android:minSdkVersion
		ADDED from flexicar_lupe\Sensores 2.0\AndroidManifest.xml:8:9-34
uses-permission#android.permission.VIBRATE
ADDED from flexicar_lupe\Sensores 2.0\AndroidManifest.xml:11:5-66
	android:name
		ADDED from flexicar_lupe\Sensores 2.0\AndroidManifest.xml:11:22-63
application
ADDED from flexicar_lupe\Sensores 2.0\AndroidManifest.xml:13:5-33:19
	android:label
		ADDED from flexicar_lupe\Sensores 2.0\AndroidManifest.xml:15:9-41
	android:icon
		ADDED from flexicar_lupe\Sensores 2.0\AndroidManifest.xml:14:9-45
activity#es.epinanab.sensores.ListaSensoresActivity
ADDED from flexicar_lupe\Sensores 2.0\AndroidManifest.xml:16:9-23:20
	android:screenOrientation
		ADDED from flexicar_lupe\Sensores 2.0\AndroidManifest.xml:19:13-49
	android:label
		ADDED from flexicar_lupe\Sensores 2.0\AndroidManifest.xml:18:13-46
	android:name
		ADDED from flexicar_lupe\Sensores 2.0\AndroidManifest.xml:17:13-50
intent-filter#android.intent.category.LAUNCHER
ADDED from flexicar_lupe\Sensores 2.0\AndroidManifest.xml:20:13-22:29
category#android.intent.category.LAUNCHER
ADDED from flexicar_lupe\Sensores 2.0\AndroidManifest.xml:21:17-77
	android:name
		ADDED from flexicar_lupe\Sensores 2.0\AndroidManifest.xml:21:27-74
activity#es.epinanab.sensores.MainActivity
ADDED from flexicar_lupe\Sensores 2.0\AndroidManifest.xml:24:9-32:20
	android:label
		ADDED from flexicar_lupe\Sensores 2.0\AndroidManifest.xml:26:13-45
	android:name
		ADDED from flexicar_lupe\Sensores 2.0\AndroidManifest.xml:25:13-41
intent-filter#android.intent.action.MAIN+android.intent.category.LAUNCHER
ADDED from flexicar_lupe\Sensores 2.0\AndroidManifest.xml:27:13-31:29
action#android.intent.action.MAIN
ADDED from flexicar_lupe\Sensores 2.0\AndroidManifest.xml:28:17-69
	android:name
		ADDED from flexicar_lupe\Sensores 2.0\AndroidManifest.xml:28:25-66